2022-08-07 12:50:47.503  INFO 20708 --- [main] b.c.f.mscliente.MsClienteApplication     : Starting MsClienteApplication using Java 11.0.12 on felipe-Vostro-3501 with PID 20708 (/home/felipe/Documents/cursos/douglas-santos/domine-microservices-mensageria-docker/ms-cliente/target/classes started by felipe in /home/felipe/Documents/cursos/douglas-santos/domine-microservices-mensageria-docker/ms-cliente)
2022-08-07 12:50:47.514  INFO 20708 --- [main] b.c.f.mscliente.MsClienteApplication     : No active profile set, falling back to 1 default profile: "default"
2022-08-07 12:50:48.912  INFO 20708 --- [main] .s.d.r.c.RepositoryConfigurationDelegate : Bootstrapping Spring Data JPA repositories in DEFAULT mode.
2022-08-07 12:50:49.072  INFO 20708 --- [main] .s.d.r.c.RepositoryConfigurationDelegate : Finished Spring Data repository scanning in 148 ms. Found 1 JPA repository interfaces.
2022-08-07 12:50:49.366  INFO 20708 --- [main] o.s.cloud.context.scope.GenericScope     : BeanFactory id=957cdeb4-9df7-334b-aff0-9dd003427a99
2022-08-07 12:50:49.809  INFO 20708 --- [main] o.s.b.w.embedded.tomcat.TomcatWebServer  : Tomcat initialized with port(s): 0 (http)
2022-08-07 12:50:49.821  INFO 20708 --- [main] o.apache.catalina.core.StandardService   : Starting service [Tomcat]
2022-08-07 12:50:49.821  INFO 20708 --- [main] org.apache.catalina.core.StandardEngine  : Starting Servlet engine: [Apache Tomcat/9.0.60]
2022-08-07 12:50:49.959  INFO 20708 --- [main] o.a.c.c.C.[Tomcat].[localhost].[/]       : Initializing Spring embedded WebApplicationContext
2022-08-07 12:50:49.959  INFO 20708 --- [main] w.s.c.ServletWebServerApplicationContext : Root WebApplicationContext: initialization completed in 2378 ms
2022-08-07 12:50:50.323  INFO 20708 --- [main] com.zaxxer.hikari.HikariDataSource       : HikariPool-1 - Starting...
2022-08-07 12:50:50.528  INFO 20708 --- [main] com.zaxxer.hikari.HikariDataSource       : HikariPool-1 - Start completed.
2022-08-07 12:50:50.585  INFO 20708 --- [main] o.hibernate.jpa.internal.util.LogHelper  : HHH000204: Processing PersistenceUnitInfo [name: default]
2022-08-07 12:50:50.649  INFO 20708 --- [main] org.hibernate.Version                    : HHH000412: Hibernate ORM core version 5.6.7.Final
2022-08-07 12:50:50.832  INFO 20708 --- [main] o.hibernate.annotations.common.Version   : HCANN000001: Hibernate Commons Annotations {5.1.2.Final}
2022-08-07 12:50:50.970  INFO 20708 --- [main] org.hibernate.dialect.Dialect            : HHH000400: Using dialect: org.hibernate.dialect.H2Dialect
2022-08-07 12:50:51.628  INFO 20708 --- [main] o.h.e.t.j.p.i.JtaPlatformInitiator       : HHH000490: Using JtaPlatform implementation: [org.hibernate.engine.transaction.jta.platform.internal.NoJtaPlatform]
2022-08-07 12:50:51.637  INFO 20708 --- [main] j.LocalContainerEntityManagerFactoryBean : Initialized JPA EntityManagerFactory for persistence unit 'default'
2022-08-07 12:50:52.177  WARN 20708 --- [main] JpaBaseConfiguration$JpaWebConfiguration : spring.jpa.open-in-view is enabled by default. Therefore, database queries may be performed during view rendering. Explicitly configure spring.jpa.open-in-view to disable this warning
2022-08-07 12:50:54.605  INFO 20708 --- [main] DiscoveryClientOptionalArgsConfiguration : Eureka HTTP Client uses RestTemplate.
2022-08-07 12:50:54.702  WARN 20708 --- [main] iguration$LoadBalancerCaffeineWarnLogger : Spring Cloud LoadBalancer is currently working with the default cache. While this cache implementation is useful for development and tests, it's recommended to use Caffeine cache in production.You can switch to using Caffeine cache, by adding it and org.springframework.cache.caffeine.CaffeineCacheManager to the classpath.
2022-08-07 12:50:54.710  INFO 20708 --- [main] o.s.b.a.e.web.EndpointLinksResolver      : Exposing 17 endpoint(s) beneath base path '/actuator'
2022-08-07 12:50:54.778  INFO 20708 --- [main] o.s.b.w.embedded.tomcat.TomcatWebServer  : Tomcat started on port(s): 40737 (http) with context path ''
2022-08-07 12:50:54.779  INFO 20708 --- [main] .s.c.n.e.s.EurekaAutoServiceRegistration : Updating port to 40737
2022-08-07 12:50:54.785  INFO 20708 --- [main] o.s.c.n.eureka.InstanceInfoFactory       : Setting initial instance status as: STARTING
2022-08-07 12:50:54.910  INFO 20708 --- [main] com.netflix.discovery.DiscoveryClient    : Initializing Eureka in region us-east-1
2022-08-07 12:50:54.918  INFO 20708 --- [main] c.n.d.s.r.aws.ConfigClusterResolver      : Resolving eureka endpoints via configuration
2022-08-07 12:50:54.948  INFO 20708 --- [main] com.netflix.discovery.DiscoveryClient    : Disable delta property : false
2022-08-07 12:50:54.948  INFO 20708 --- [main] com.netflix.discovery.DiscoveryClient    : Single vip registry refresh property : null
2022-08-07 12:50:54.948  INFO 20708 --- [main] com.netflix.discovery.DiscoveryClient    : Force full registry fetch : false
2022-08-07 12:50:54.949  INFO 20708 --- [main] com.netflix.discovery.DiscoveryClient    : Application is null : false
2022-08-07 12:50:54.949  INFO 20708 --- [main] com.netflix.discovery.DiscoveryClient    : Registered Applications size is zero : true
2022-08-07 12:50:54.949  INFO 20708 --- [main] com.netflix.discovery.DiscoveryClient    : Application version is -1: true
2022-08-07 12:50:54.949  INFO 20708 --- [main] com.netflix.discovery.DiscoveryClient    : Getting all instance registry info from the eureka server
2022-08-07 12:50:55.477  INFO 20708 --- [main] com.netflix.discovery.DiscoveryClient    : The response status is 200
2022-08-07 12:50:55.480  INFO 20708 --- [main] com.netflix.discovery.DiscoveryClient    : Starting heartbeat executor: renew interval is: 30
2022-08-07 12:50:55.484  INFO 20708 --- [main] c.n.discovery.InstanceInfoReplicator     : InstanceInfoReplicator onDemand update allowed rate per min is 4
2022-08-07 12:50:55.492  INFO 20708 --- [main] com.netflix.discovery.DiscoveryClient    : Discovery Client initialized at timestamp 1659887455490 with initial instances count: 2
2022-08-07 12:50:55.495  INFO 20708 --- [main] o.s.c.n.e.s.EurekaServiceRegistry        : Registering application MS-CLIENTE with eureka with status UP
2022-08-07 12:50:55.495  INFO 20708 --- [main] com.netflix.discovery.DiscoveryClient    : Saw local status change event StatusChangeEvent [timestamp=1659887455495, current=UP, previous=STARTING]
2022-08-07 12:50:55.498  INFO 20708 --- [DiscoveryClient-InstanceInfoReplicator-0] com.netflix.discovery.DiscoveryClient    : DiscoveryClient_MS-CLIENTE/ms-cliente:ba4ba301856334770bc2573162ef6875: registering service...
2022-08-07 12:50:55.639  INFO 20708 --- [DiscoveryClient-InstanceInfoReplicator-0] com.netflix.discovery.DiscoveryClient    : DiscoveryClient_MS-CLIENTE/ms-cliente:ba4ba301856334770bc2573162ef6875 - registration status: 204
2022-08-07 12:50:55.963  INFO 20708 --- [main] b.c.f.mscliente.MsClienteApplication     : Started MsClienteApplication in 9.705 seconds (JVM running for 11.158)
